|==============================================================================|
|=========                       OpenRAM v1.2.7                       =========|
|=========                                                            =========|
|=========               VLSI Design and Automation Lab               =========|
|=========        Computer Science and Engineering Department         =========|
|=========            University of California Santa Cruz             =========|
|=========                                                            =========|
|=========          Usage help: openram-user-group@ucsc.edu           =========|
|=========        Development help: openram-dev-group@ucsc.edu        =========|
|=========                See LICENSE for license info                =========|
|==============================================================================|
** Start: 04/06/2023 11:40:05
Technology: scn4m_subm
Total size: 32 bits
Word size: 2
Words: 16
Banks: 1
RW ports: 1
R-only ports: 0
W-only ports: 0
DRC/LVS/PEX is only run on the top-level design to save run-time (inline_lvsdrc=True to do inline checking).
DRC/LVS/PEX is disabled (check_lvsdrc=True to enable).
Characterization is disabled (using analytical delay models) (analytical_delay=False to simulate).
Words per row: None
Output files are: 
/Users/seandoyle/NYU/classes/ProcessorDesign/nyu-mem/mem_generation/temp/sram_16x2.lvs
/Users/seandoyle/NYU/classes/ProcessorDesign/nyu-mem/mem_generation/temp/sram_16x2.sp
/Users/seandoyle/NYU/classes/ProcessorDesign/nyu-mem/mem_generation/temp/sram_16x2.v
/Users/seandoyle/NYU/classes/ProcessorDesign/nyu-mem/mem_generation/temp/sram_16x2.lib
/Users/seandoyle/NYU/classes/ProcessorDesign/nyu-mem/mem_generation/temp/sram_16x2.py
/Users/seandoyle/NYU/classes/ProcessorDesign/nyu-mem/mem_generation/temp/sram_16x2.html
/Users/seandoyle/NYU/classes/ProcessorDesign/nyu-mem/mem_generation/temp/sram_16x2.log
/Users/seandoyle/NYU/classes/ProcessorDesign/nyu-mem/mem_generation/temp/sram_16x2.lef
/Users/seandoyle/NYU/classes/ProcessorDesign/nyu-mem/mem_generation/temp/sram_16x2.gds
** Submodules: 0.3 seconds
** Placement: 0.0 seconds
**** Retrieving pins: 0.0 seconds
**** Analyzing pins: 0.0 seconds
**** Finding blockages: 0.0 seconds
**** Converting blockages: 0.0 seconds
**** Converting pins: 0.0 seconds
**** Separating adjacent pins: 0.0 seconds
*** Finding pins and blockages: 0.6 seconds
*** Maze routing pins: 1.7 seconds
**** Retrieving pins: 0.0 seconds
**** Analyzing pins: 0.0 seconds
**** Finding blockages: 0.1 seconds
**** Converting blockages: 0.0 seconds
**** Converting pins: 0.5 seconds
**** Separating adjacent pins: 0.3 seconds
*** Finding pins and blockages: 1.5 seconds
*** Maze routing supplies: 16.1 seconds
** Routing: 24.6 seconds
** Verification: 0.0 seconds
** SRAM creation: 24.9 seconds
SP: Writing to /Users/seandoyle/NYU/classes/ProcessorDesign/nyu-mem/mem_generation/temp/sram_16x2.sp
** Spice writing: 0.0 seconds
GDS: Writing to /Users/seandoyle/NYU/classes/ProcessorDesign/nyu-mem/mem_generation/temp/sram_16x2.gds
** GDS: 0.0 seconds
LEF: Writing to /Users/seandoyle/NYU/classes/ProcessorDesign/nyu-mem/mem_generation/temp/sram_16x2.lef
** LEF: 0.0 seconds
LVS: Writing to /Users/seandoyle/NYU/classes/ProcessorDesign/nyu-mem/mem_generation/temp/sram_16x2.lvs.sp
** LVS writing: 0.0 seconds
LIB: Characterizing... 
** Characterization: 0.2 seconds
Config: Writing to /Users/seandoyle/NYU/classes/ProcessorDesign/nyu-mem/mem_generation/temp/sram_16x2.py
** Config: 0.0 seconds
Datasheet: Writing to /Users/seandoyle/NYU/classes/ProcessorDesign/nyu-mem/mem_generation/temp/sram_16x2.html
** Datasheet: 0.0 seconds
Verilog: Writing to /Users/seandoyle/NYU/classes/ProcessorDesign/nyu-mem/mem_generation/temp/sram_16x2.v
** Verilog: 0.0 seconds
** End: 25.2 seconds
